Using pre-set license
Built from '2021.2/staging' branch; Version is '2021.2.8f1 (d0e5f0a7b06a) revision 13690352'; Using compiler version '192829333'; Build Type 'Release'
OS: 'Windows 10  (10.0.19041) 64bit Professional' Language: 'en' Physical Memory: 65441 MB
BatchMode: 1, IsHumanControllingUs: 0, StartBugReporterOnCrash: 0, Is64bit: 1, IsPro: 0

COMMAND LINE ARGUMENTS:
C:\Program Files\Unity\Hub\Editor\2021.2.8f1\Editor\Unity.exe
-adb2
-batchMode
-noUpm
-name
AssetImportWorker0
-projectPath
E:/Projects/Games/Mama/Prototype/MamaPT
-logFile
Logs/AssetImportWorker0.log
-srvPort
62727
Successfully changed project path to: E:/Projects/Games/Mama/Prototype/MamaPT
E:/Projects/Games/Mama/Prototype/MamaPT
[UnityMemory] Configuration Parameters - Can be set up in boot.config
    "memorysetup-bucket-allocator-granularity=16"
    "memorysetup-bucket-allocator-bucket-count=8"
    "memorysetup-bucket-allocator-block-size=33554432"
    "memorysetup-bucket-allocator-block-count=8"
    "memorysetup-main-allocator-block-size=16777216"
    "memorysetup-thread-allocator-block-size=16777216"
    "memorysetup-gfx-main-allocator-block-size=16777216"
    "memorysetup-gfx-thread-allocator-block-size=16777216"
    "memorysetup-cache-allocator-block-size=4194304"
    "memorysetup-typetree-allocator-block-size=2097152"
    "memorysetup-profiler-bucket-allocator-granularity=16"
    "memorysetup-profiler-bucket-allocator-bucket-count=8"
    "memorysetup-profiler-bucket-allocator-block-size=33554432"
    "memorysetup-profiler-bucket-allocator-block-count=8"
    "memorysetup-profiler-allocator-block-size=16777216"
    "memorysetup-profiler-editor-allocator-block-size=1048576"
    "memorysetup-temp-allocator-size-main=16777216"
    "memorysetup-job-temp-allocator-block-size=2097152"
    "memorysetup-job-temp-allocator-block-size-background=1048576"
    "memorysetup-job-temp-allocator-reduction-small-platforms=262144"
    "memorysetup-temp-allocator-size-background-worker=32768"
    "memorysetup-temp-allocator-size-job-worker=262144"
    "memorysetup-temp-allocator-size-preload-manager=33554432"
    "memorysetup-temp-allocator-size-nav-mesh-worker=65536"
    "memorysetup-temp-allocator-size-audio-worker=65536"
    "memorysetup-temp-allocator-size-cloud-worker=32768"
    "memorysetup-temp-allocator-size-gi-baking-worker=262144"
    "memorysetup-temp-allocator-size-gfx=262144"
Refreshing native plugins compatible for Editor in 80.55 ms, found 4 plugins.
Preloading 0 native plugins for Editor in 0.00 ms.
Initialize engine version: 2021.2.8f1 (d0e5f0a7b06a)
[Subsystems] Discovering subsystems at path C:/Program Files/Unity/Hub/Editor/2021.2.8f1/Editor/Data/Resources/UnitySubsystems
[Subsystems] Discovering subsystems at path E:/Projects/Games/Mama/Prototype/MamaPT/Assets
GfxDevice: creating device client; threaded=0; jobified=0
Direct3D:
    Version:  Direct3D 11.0 [level 11.1]
    Renderer: Radeon RX Vega (ID=0x687f)
    Vendor:   ATI
    VRAM:     8119 MB
    Driver:   30.0.13023.1012
Initialize mono
Mono path[0] = 'C:/Program Files/Unity/Hub/Editor/2021.2.8f1/Editor/Data/Managed'
Mono path[1] = 'C:/Program Files/Unity/Hub/Editor/2021.2.8f1/Editor/Data/MonoBleedingEdge/lib/mono/unityjit-win32'
Mono config path = 'C:/Program Files/Unity/Hub/Editor/2021.2.8f1/Editor/Data/MonoBleedingEdge/etc'
Using monoOptions --debugger-agent=transport=dt_socket,embedding=1,server=y,suspend=n,address=127.0.0.1:56936
Begin MonoManager ReloadAssembly
Registering precompiled unity dll's ...
Register platform support module: C:/Program Files/Unity/Hub/Editor/2021.2.8f1/Editor/Data/PlaybackEngines/WindowsStandaloneSupport/UnityEditor.WindowsStandalone.Extensions.dll
Registered in 0.008281 seconds.
Native extension for WindowsStandalone target not found
Refreshing native plugins compatible for Editor in 79.26 ms, found 4 plugins.
Preloading 0 native plugins for Editor in 0.00 ms.
Mono: successfully reloaded assembly
- Completed reload, in  0.595 seconds
Domain Reload Profiling:
	ReloadAssembly (596ms)
		BeginReloadAssembly (77ms)
			ExecutionOrderSort (0ms)
			DisableScriptedObjects (0ms)
			BackupInstance (0ms)
			ReleaseScriptingObjects (0ms)
			CreateAndSetChildDomain (1ms)
		EndReloadAssembly (435ms)
			LoadAssemblies (74ms)
			RebuildTransferFunctionScriptingTraits (0ms)
			SetupTypeCache (95ms)
			ReleaseScriptCaches (0ms)
			RebuildScriptCaches (23ms)
			SetupLoadedEditorAssemblies (268ms)
				LogAssemblyErrors (0ms)
				InitializePlatformSupportModulesInManaged (15ms)
				SetLoadedEditorAssemblies (0ms)
				RefreshPlugins (79ms)
				BeforeProcessingInitializeOnLoad (1ms)
				ProcessInitializeOnLoadAttributes (128ms)
				ProcessInitializeOnLoadMethodAttributes (44ms)
				AfterProcessingInitializeOnLoad (0ms)
				EditorAssembliesLoaded (0ms)
			ExecutionOrderSort2 (0ms)
			AwakeInstancesAfterBackupRestoration (0ms)
Platform modules already initialized, skipping
Registering precompiled user dll's ...
Registered in 0.007167 seconds.
Begin MonoManager ReloadAssembly
Symbol file LoadedFromMemory doesn't match image E:\Projects\Games\Mama\Prototype\MamaPT\Library\PackageCache\com.unity.visualscripting@1.7.6\Editor\VisualScripting.Core\Dependencies\YamlDotNet\Unity.VisualScripting.YamlDotNet.dll
Symbol file LoadedFromMemory doesn't match image E:\Projects\Games\Mama\Prototype\MamaPT\Library\PackageCache\com.unity.visualscripting@1.7.6\Editor\VisualScripting.Core\Dependencies\DotNetZip\Unity.VisualScripting.IonicZip.dll
Native extension for WindowsStandalone target not found
Refreshing native plugins compatible for Editor in 78.66 ms, found 4 plugins.
Preloading 0 native plugins for Editor in 0.00 ms.
Mono: successfully reloaded assembly
- Completed reload, in  1.604 seconds
Domain Reload Profiling:
	ReloadAssembly (1605ms)
		BeginReloadAssembly (113ms)
			ExecutionOrderSort (0ms)
			DisableScriptedObjects (5ms)
			BackupInstance (0ms)
			ReleaseScriptingObjects (0ms)
			CreateAndSetChildDomain (21ms)
		EndReloadAssembly (1400ms)
			LoadAssemblies (84ms)
			RebuildTransferFunctionScriptingTraits (0ms)
			SetupTypeCache (222ms)
			ReleaseScriptCaches (1ms)
			RebuildScriptCaches (52ms)
			SetupLoadedEditorAssemblies (1005ms)
				LogAssemblyErrors (0ms)
				InitializePlatformSupportModulesInManaged (10ms)
				SetLoadedEditorAssemblies (0ms)
				RefreshPlugins (79ms)
				BeforeProcessingInitializeOnLoad (92ms)
				ProcessInitializeOnLoadAttributes (776ms)
				ProcessInitializeOnLoadMethodAttributes (34ms)
				AfterProcessingInitializeOnLoad (14ms)
				EditorAssembliesLoaded (0ms)
			ExecutionOrderSort2 (0ms)
			AwakeInstancesAfterBackupRestoration (7ms)
Platform modules already initialized, skipping
========================================================================
Worker process is ready to serve import requests
Launched and connected shader compiler UnityShaderCompiler.exe after 0.06 seconds
Refreshing native plugins compatible for Editor in 0.85 ms, found 4 plugins.
Preloading 0 native plugins for Editor in 0.00 ms.
Unloading 3904 Unused Serialized files (Serialized files now loaded: 0)
Unloading 37 unused Assets / (55.7 KB). Loaded Objects now: 4359.
Memory consumption went from 146.9 MB to 146.8 MB.
Total: 5.707200 ms (FindLiveObjects: 0.537400 ms CreateObjectMapping: 0.395000 ms MarkObjects: 4.670400 ms  DeleteObjects: 0.102800 ms)

AssetImportParameters requested are different than current active one (requested -> active):
  custom:video-decoder-ogg-theora: a1e56fd34408186e4bbccfd4996cb3dc -> 
  custom:container-muxer-webm: aa71ff27fc2769a1b78a27578f13a17b -> 
  custom:container-demuxer-webm: 4f35f7cbe854078d1ac9338744f61a02 -> 
  custom:video-encoder-webm-vp8: eb34c28f22e8b96e1ab97ce403110664 -> 
  custom:audio-encoder-webm-vorbis: bf7c407c2cedff20999df2af8eb42d56 -> 
  custom:framework-win-MediaFoundation: 216162199b28c13a410421893ffa2e32 -> 
  custom:container-demuxer-ogg: 62fdf1f143b41e24485cea50d1cbac27 -> 
  custom:video-decoder-webm-vp8: 9c59270c3fd7afecdb556c50c9e8de78 -> 
  custom:audio-decoder-ogg-vorbis: bf7c407c2cedff20999df2af8eb42d56 -> 
========================================================================
Received Import Request.
  Time since last request: 1617849.024918 seconds.
  path: Assets/Sprites/Enemies/Boss/Boss_super2.png
  artifactKey: Guid(7396e8d8b22b0c342a5033849819c343) Importer(815301076,1909f56bfc062723c751e8b465ee728b)
Start importing Assets/Sprites/Enemies/Boss/Boss_super2.png using Guid(7396e8d8b22b0c342a5033849819c343) Importer(815301076,1909f56bfc062723c751e8b465ee728b)  -> (artifact id: '99c2a009f0a4634755d83a6ea40a636d') in 0.148493 seconds 
========================================================================
Received Import Request.
  Time since last request: 0.000021 seconds.
  path: Assets/Sprites/Enemies/Boss/Boss_attack1.png
  artifactKey: Guid(925a67d7bea343c4ea5fb4fb3467e7ba) Importer(815301076,1909f56bfc062723c751e8b465ee728b)
Start importing Assets/Sprites/Enemies/Boss/Boss_attack1.png using Guid(925a67d7bea343c4ea5fb4fb3467e7ba) Importer(815301076,1909f56bfc062723c751e8b465ee728b)  -> (artifact id: '69760ff25c101728cc67c1a56bdac0bb') in 0.011341 seconds 
========================================================================
Received Import Request.
  Time since last request: 0.000019 seconds.
  path: Assets/Sprites/Enemies/Boss/Boss_dash4.png
  artifactKey: Guid(2248a2d04f64a994cac173bb484a0df4) Importer(815301076,1909f56bfc062723c751e8b465ee728b)
Start importing Assets/Sprites/Enemies/Boss/Boss_dash4.png using Guid(2248a2d04f64a994cac173bb484a0df4) Importer(815301076,1909f56bfc062723c751e8b465ee728b)  -> (artifact id: '34ef021720b015e08a7910e9d86474f5') in 0.014062 seconds 
========================================================================
Received Import Request.
  Time since last request: 0.000030 seconds.
  path: Assets/Sprites/Enemies/Boss/Boss_attack4.png
  artifactKey: Guid(814ca31e058ff194db43233750516e1c) Importer(815301076,1909f56bfc062723c751e8b465ee728b)
Start importing Assets/Sprites/Enemies/Boss/Boss_attack4.png using Guid(814ca31e058ff194db43233750516e1c) Importer(815301076,1909f56bfc062723c751e8b465ee728b)  -> (artifact id: '8aa5e2b8074d74e8e8b2241260c587a0') in 0.011031 seconds 
========================================================================
Received Import Request.
  Time since last request: 0.000029 seconds.
  path: Assets/Sprites/Enemies/Boss/Boss_idle.png
  artifactKey: Guid(a19ed541182eec24281513f1e2239d8d) Importer(815301076,1909f56bfc062723c751e8b465ee728b)
Start importing Assets/Sprites/Enemies/Boss/Boss_idle.png using Guid(a19ed541182eec24281513f1e2239d8d) Importer(815301076,1909f56bfc062723c751e8b465ee728b)  -> (artifact id: '90b4983fbf3b3d005edf4046bb4b227a') in 0.011305 seconds 
========================================================================
Received Import Request.
  Time since last request: 0.000024 seconds.
  path: Assets/Sprites/Enemies/Duck/duck_attack1.png
  artifactKey: Guid(966932ae9043eba4cbf188ac088cf29a) Importer(815301076,1909f56bfc062723c751e8b465ee728b)
Start importing Assets/Sprites/Enemies/Duck/duck_attack1.png using Guid(966932ae9043eba4cbf188ac088cf29a) Importer(815301076,1909f56bfc062723c751e8b465ee728b)  -> (artifact id: '23e09983e489dc08edf8cbdfbf5fefdb') in 0.010089 seconds 
========================================================================
Received Import Request.
  Time since last request: 0.000025 seconds.
  path: Assets/Sprites/Enemies/Boss/Boss_super3.png
  artifactKey: Guid(c376b9e533c72b947ac09070cfb973c6) Importer(815301076,1909f56bfc062723c751e8b465ee728b)
Start importing Assets/Sprites/Enemies/Boss/Boss_super3.png using Guid(c376b9e533c72b947ac09070cfb973c6) Importer(815301076,1909f56bfc062723c751e8b465ee728b)  -> (artifact id: '5d1f30ccd2eeeeffce9bfc54a5dd42d0') in 0.011455 seconds 
========================================================================
Received Import Request.
  Time since last request: 0.000017 seconds.
  path: Assets/Sprites/Enemies/Boss/Boss_super1.png
  artifactKey: Guid(e00bb4c73ef553046b472c8d4e163fec) Importer(815301076,1909f56bfc062723c751e8b465ee728b)
Start importing Assets/Sprites/Enemies/Boss/Boss_super1.png using Guid(e00bb4c73ef553046b472c8d4e163fec) Importer(815301076,1909f56bfc062723c751e8b465ee728b)  -> (artifact id: '340194732be7d5235c835d3cb14df2f4') in 0.011092 seconds 
========================================================================
Received Import Request.
  Time since last request: 0.000017 seconds.
  path: Assets/Sprites/Enemies/Rabbit/Rabbit_attack2.png
  artifactKey: Guid(fafeaf9edadc8f445b63cd48da64ff98) Importer(815301076,1909f56bfc062723c751e8b465ee728b)
Start importing Assets/Sprites/Enemies/Rabbit/Rabbit_attack2.png using Guid(fafeaf9edadc8f445b63cd48da64ff98) Importer(815301076,1909f56bfc062723c751e8b465ee728b)  -> (artifact id: 'f7875ce2f3413625b0277a09f1f763f8') in 0.010009 seconds 
========================================================================
Received Import Request.
  Time since last request: 0.000022 seconds.
  path: Assets/Sprites/Enemies/Duck/duck_attack3.png
  artifactKey: Guid(33bb8159f1f387b48b355c2afd35b3d2) Importer(815301076,1909f56bfc062723c751e8b465ee728b)
Start importing Assets/Sprites/Enemies/Duck/duck_attack3.png using Guid(33bb8159f1f387b48b355c2afd35b3d2) Importer(815301076,1909f56bfc062723c751e8b465ee728b)  -> (artifact id: 'e9311b181f5d847404a42f41f46682c0') in 0.010039 seconds 
========================================================================
Received Import Request.
  Time since last request: 0.000019 seconds.
  path: Assets/Sprites/Enemies/Rabbit/Rabbit_attack3.png
  artifactKey: Guid(0635b79f1f2a44a439206f766adbe833) Importer(815301076,1909f56bfc062723c751e8b465ee728b)
Start importing Assets/Sprites/Enemies/Rabbit/Rabbit_attack3.png using Guid(0635b79f1f2a44a439206f766adbe833) Importer(815301076,1909f56bfc062723c751e8b465ee728b)  -> (artifact id: '3a5e84560c9bd15340f9dcba2d474ae3') in 0.010400 seconds 
========================================================================
Received Import Request.
  Time since last request: 0.000019 seconds.
  path: Assets/Sprites/Enemies/Duck/duck_idle.png
  artifactKey: Guid(5720ace621e7f0e468cf52c8a31f82f6) Importer(815301076,1909f56bfc062723c751e8b465ee728b)
Start importing Assets/Sprites/Enemies/Duck/duck_idle.png using Guid(5720ace621e7f0e468cf52c8a31f82f6) Importer(815301076,1909f56bfc062723c751e8b465ee728b)  -> (artifact id: 'b05f668ad5819fc07c236341ce5f8813') in 0.010124 seconds 
========================================================================
Received Import Request.
  Time since last request: 0.000031 seconds.
  path: Assets/Sprites/Enemies/Boss/Boss_attack6.png
  artifactKey: Guid(91d771840f5c72b48831fc988dc094e9) Importer(815301076,1909f56bfc062723c751e8b465ee728b)
Start importing Assets/Sprites/Enemies/Boss/Boss_attack6.png using Guid(91d771840f5c72b48831fc988dc094e9) Importer(815301076,1909f56bfc062723c751e8b465ee728b)  -> (artifact id: 'cd09eb0c44007d404f9c8998388ae6e7') in 0.011280 seconds 
========================================================================
Received Import Request.
  Time since last request: 0.000023 seconds.
  path: Assets/Sprites/Enemies/Duck/duck_attack5.png
  artifactKey: Guid(30a3461f790fdce4eba8fbeb81ba41fd) Importer(815301076,1909f56bfc062723c751e8b465ee728b)
Start importing Assets/Sprites/Enemies/Duck/duck_attack5.png using Guid(30a3461f790fdce4eba8fbeb81ba41fd) Importer(815301076,1909f56bfc062723c751e8b465ee728b)  -> (artifact id: '6bc34cb863b8e00365c727a4005218a9') in 0.029137 seconds 
========================================================================
Received Import Request.
  Time since last request: 0.000018 seconds.
  path: Assets/Sprites/Enemies/Boss/Boss_attack2.png
  artifactKey: Guid(249daeda73ef7a148a1582c32e3b52e2) Importer(815301076,1909f56bfc062723c751e8b465ee728b)
Start importing Assets/Sprites/Enemies/Boss/Boss_attack2.png using Guid(249daeda73ef7a148a1582c32e3b52e2) Importer(815301076,1909f56bfc062723c751e8b465ee728b)  -> (artifact id: '797ba6e650e34a96e4e0bab04f75e61d') in 0.011632 seconds 
========================================================================
Received Import Request.
  Time since last request: 0.398763 seconds.
  path: Assets/Sprites/Enemies/Mole/Mole_attack1.png
  artifactKey: Guid(a6766c7590c848c4694da4ad8e13170f) Importer(815301076,1909f56bfc062723c751e8b465ee728b)
Start importing Assets/Sprites/Enemies/Mole/Mole_attack1.png using Guid(a6766c7590c848c4694da4ad8e13170f) Importer(815301076,1909f56bfc062723c751e8b465ee728b)  -> (artifact id: '6ce74ede1904049e4f08a7368e5ed5a2') in 0.010653 seconds 
========================================================================
Received Import Request.
  Time since last request: 0.000019 seconds.
  path: Assets/Sprites/Enemies/Mole/Mole_attack5.png
  artifactKey: Guid(450586743367256498c70c5f8c4b1c94) Importer(815301076,1909f56bfc062723c751e8b465ee728b)
Start importing Assets/Sprites/Enemies/Mole/Mole_attack5.png using Guid(450586743367256498c70c5f8c4b1c94) Importer(815301076,1909f56bfc062723c751e8b465ee728b)  -> (artifact id: '68fc76fc451ab17e295b339dfc37d544') in 0.010259 seconds 
========================================================================
Received Import Request.
  Time since last request: 0.000022 seconds.
  path: Assets/Sprites/Enemies/Mole/Mole_attack4.png
  artifactKey: Guid(decae40e08a417a40be677b1955ace11) Importer(815301076,1909f56bfc062723c751e8b465ee728b)
Start importing Assets/Sprites/Enemies/Mole/Mole_attack4.png using Guid(decae40e08a417a40be677b1955ace11) Importer(815301076,1909f56bfc062723c751e8b465ee728b)  -> (artifact id: '9d3de50d0e81d0310f506c592e54f197') in 0.009877 seconds 
